[2022-08-17 19:22:17,618] {taskinstance.py:1179} INFO - Dependencies all met for <TaskInstance: unitronics_ETL_v01.extract scheduled__2022-08-16T00:00:00+00:00 [queued]>
[2022-08-17 19:22:17,636] {taskinstance.py:1179} INFO - Dependencies all met for <TaskInstance: unitronics_ETL_v01.extract scheduled__2022-08-16T00:00:00+00:00 [queued]>
[2022-08-17 19:22:17,636] {taskinstance.py:1376} INFO - 
--------------------------------------------------------------------------------
[2022-08-17 19:22:17,636] {taskinstance.py:1377} INFO - Starting attempt 5 of 6
[2022-08-17 19:22:17,637] {taskinstance.py:1378} INFO - 
--------------------------------------------------------------------------------
[2022-08-17 19:22:17,653] {taskinstance.py:1397} INFO - Executing <Task(PythonOperator): extract> on 2022-08-16 00:00:00+00:00
[2022-08-17 19:22:17,663] {standard_task_runner.py:52} INFO - Started process 1514 to run task
[2022-08-17 19:22:17,666] {standard_task_runner.py:79} INFO - Running: ['***', 'tasks', 'run', 'unitronics_ETL_v01', 'extract', 'scheduled__2022-08-16T00:00:00+00:00', '--job-id', '27', '--raw', '--subdir', 'DAGS_FOLDER/unitronics_ETL.py', '--cfg-path', '/tmp/tmpy9mrgjxu', '--error-file', '/tmp/tmpqh6_m_g8']
[2022-08-17 19:22:17,668] {standard_task_runner.py:80} INFO - Job 27: Subtask extract
[2022-08-17 19:22:17,797] {task_command.py:371} INFO - Running <TaskInstance: unitronics_ETL_v01.extract scheduled__2022-08-16T00:00:00+00:00 [running]> on host ea4c9b9e2e97
[2022-08-17 19:22:17,981] {taskinstance.py:1591} INFO - Exporting the following env vars:
AIRFLOW_CTX_DAG_OWNER=Cavefish
AIRFLOW_CTX_DAG_ID=unitronics_ETL_v01
AIRFLOW_CTX_TASK_ID=extract
AIRFLOW_CTX_EXECUTION_DATE=2022-08-16T00:00:00+00:00
AIRFLOW_CTX_TRY_NUMBER=5
AIRFLOW_CTX_DAG_RUN_ID=scheduled__2022-08-16T00:00:00+00:00
[2022-08-17 19:22:17,994] {taskinstance.py:1909} ERROR - Task failed with exception
Traceback (most recent call last):
  File "/home/airflow/.local/lib/python3.7/site-packages/airflow/operators/python.py", line 171, in execute
    return_value = self.execute_callable()
  File "/home/airflow/.local/lib/python3.7/site-packages/airflow/operators/python.py", line 189, in execute_callable
    return self.python_callable(*self.op_args, **self.op_kwargs)
  File "/opt/airflow/dags/unitronics_ETL.py", line 95, in extractData
    device_df = concatDataFrame(super_df_device)
  File "/opt/airflow/dags/unitronics_ETL.py", line 54, in concatDataFrame
    df = pd.concat(df, axis=0)
  File "/home/airflow/.local/lib/python3.7/site-packages/pandas/util/_decorators.py", line 311, in wrapper
    return func(*args, **kwargs)
  File "/home/airflow/.local/lib/python3.7/site-packages/pandas/core/reshape/concat.py", line 304, in concat
    sort=sort,
  File "/home/airflow/.local/lib/python3.7/site-packages/pandas/core/reshape/concat.py", line 351, in __init__
    raise ValueError("No objects to concatenate")
ValueError: No objects to concatenate
[2022-08-17 19:22:18,033] {taskinstance.py:1420} INFO - Marking task as UP_FOR_RETRY. dag_id=unitronics_ETL_v01, task_id=extract, execution_date=20220816T000000, start_date=20220817T192217, end_date=20220817T192218
[2022-08-17 19:22:18,049] {standard_task_runner.py:97} ERROR - Failed to execute job 27 for task extract (No objects to concatenate; 1514)
[2022-08-17 19:22:18,086] {local_task_job.py:156} INFO - Task exited with return code 1
[2022-08-17 19:22:18,131] {local_task_job.py:273} INFO - 0 downstream tasks scheduled from follow-on schedule check
[2022-08-17 20:01:03,133] {taskinstance.py:1179} INFO - Dependencies all met for <TaskInstance: unitronics_ETL_v01.extract scheduled__2022-08-16T00:00:00+00:00 [queued]>
[2022-08-17 20:01:03,142] {taskinstance.py:1179} INFO - Dependencies all met for <TaskInstance: unitronics_ETL_v01.extract scheduled__2022-08-16T00:00:00+00:00 [queued]>
[2022-08-17 20:01:03,143] {taskinstance.py:1376} INFO - 
--------------------------------------------------------------------------------
[2022-08-17 20:01:03,143] {taskinstance.py:1377} INFO - Starting attempt 5 of 6
[2022-08-17 20:01:03,143] {taskinstance.py:1378} INFO - 
--------------------------------------------------------------------------------
[2022-08-17 20:01:03,166] {taskinstance.py:1397} INFO - Executing <Task(PythonOperator): extract> on 2022-08-16 00:00:00+00:00
[2022-08-17 20:01:03,171] {standard_task_runner.py:52} INFO - Started process 1599 to run task
[2022-08-17 20:01:03,176] {standard_task_runner.py:79} INFO - Running: ['***', 'tasks', 'run', 'unitronics_ETL_v01', 'extract', 'scheduled__2022-08-16T00:00:00+00:00', '--job-id', '43', '--raw', '--subdir', 'DAGS_FOLDER/unitronics_ETL.py', '--cfg-path', '/tmp/tmptc33i7r3', '--error-file', '/tmp/tmpoh4l7cz1']
[2022-08-17 20:01:03,177] {standard_task_runner.py:80} INFO - Job 43: Subtask extract
[2022-08-17 20:01:03,252] {task_command.py:371} INFO - Running <TaskInstance: unitronics_ETL_v01.extract scheduled__2022-08-16T00:00:00+00:00 [running]> on host 8c93e37464e5
[2022-08-17 20:01:03,331] {taskinstance.py:1591} INFO - Exporting the following env vars:
AIRFLOW_CTX_DAG_OWNER=Cavefish
AIRFLOW_CTX_DAG_ID=unitronics_ETL_v01
AIRFLOW_CTX_TASK_ID=extract
AIRFLOW_CTX_EXECUTION_DATE=2022-08-16T00:00:00+00:00
AIRFLOW_CTX_TRY_NUMBER=5
AIRFLOW_CTX_DAG_RUN_ID=scheduled__2022-08-16T00:00:00+00:00
[2022-08-17 20:01:03,340] {taskinstance.py:1909} ERROR - Task failed with exception
Traceback (most recent call last):
  File "/home/airflow/.local/lib/python3.7/site-packages/airflow/operators/python.py", line 171, in execute
    return_value = self.execute_callable()
  File "/home/airflow/.local/lib/python3.7/site-packages/airflow/operators/python.py", line 189, in execute_callable
    return self.python_callable(*self.op_args, **self.op_kwargs)
  File "/opt/airflow/dags/unitronics_ETL.py", line 75, in extractData
    files = os.listdir(dir_name)
FileNotFoundError: [Errno 2] No such file or directory: 'C:/Unitronics Data Logs/'
[2022-08-17 20:01:03,355] {taskinstance.py:1420} INFO - Marking task as UP_FOR_RETRY. dag_id=unitronics_ETL_v01, task_id=extract, execution_date=20220816T000000, start_date=20220817T200103, end_date=20220817T200103
[2022-08-17 20:01:03,367] {standard_task_runner.py:97} ERROR - Failed to execute job 43 for task extract ([Errno 2] No such file or directory: 'C:/Unitronics Data Logs/'; 1599)
[2022-08-17 20:01:03,387] {local_task_job.py:156} INFO - Task exited with return code 1
[2022-08-17 20:01:03,466] {local_task_job.py:273} INFO - 0 downstream tasks scheduled from follow-on schedule check
[2022-08-17 21:37:58,241] {taskinstance.py:1179} INFO - Dependencies all met for <TaskInstance: unitronics_ETL_v01.extract scheduled__2022-08-16T00:00:00+00:00 [queued]>
[2022-08-17 21:37:58,252] {taskinstance.py:1179} INFO - Dependencies all met for <TaskInstance: unitronics_ETL_v01.extract scheduled__2022-08-16T00:00:00+00:00 [queued]>
[2022-08-17 21:37:58,253] {taskinstance.py:1376} INFO - 
--------------------------------------------------------------------------------
[2022-08-17 21:37:58,253] {taskinstance.py:1377} INFO - Starting attempt 5 of 6
[2022-08-17 21:37:58,253] {taskinstance.py:1378} INFO - 
--------------------------------------------------------------------------------
[2022-08-17 21:37:58,268] {taskinstance.py:1397} INFO - Executing <Task(PythonOperator): extract> on 2022-08-16 00:00:00+00:00
[2022-08-17 21:37:58,272] {standard_task_runner.py:52} INFO - Started process 1477 to run task
[2022-08-17 21:37:58,280] {standard_task_runner.py:79} INFO - Running: ['***', 'tasks', 'run', 'unitronics_ETL_v01', 'extract', 'scheduled__2022-08-16T00:00:00+00:00', '--job-id', '21', '--raw', '--subdir', 'DAGS_FOLDER/unitronics_ETL.py', '--cfg-path', '/tmp/tmpbpp9p658', '--error-file', '/tmp/tmp0m_kq5zi']
[2022-08-17 21:37:58,281] {standard_task_runner.py:80} INFO - Job 21: Subtask extract
[2022-08-17 21:37:58,355] {task_command.py:371} INFO - Running <TaskInstance: unitronics_ETL_v01.extract scheduled__2022-08-16T00:00:00+00:00 [running]> on host 1b0f89009e2c
[2022-08-17 21:37:58,435] {taskinstance.py:1591} INFO - Exporting the following env vars:
AIRFLOW_CTX_DAG_OWNER=Cavefish
AIRFLOW_CTX_DAG_ID=unitronics_ETL_v01
AIRFLOW_CTX_TASK_ID=extract
AIRFLOW_CTX_EXECUTION_DATE=2022-08-16T00:00:00+00:00
AIRFLOW_CTX_TRY_NUMBER=5
AIRFLOW_CTX_DAG_RUN_ID=scheduled__2022-08-16T00:00:00+00:00
[2022-08-17 21:37:58,443] {taskinstance.py:1909} ERROR - Task failed with exception
Traceback (most recent call last):
  File "/home/airflow/.local/lib/python3.7/site-packages/airflow/operators/python.py", line 171, in execute
    return_value = self.execute_callable()
  File "/home/airflow/.local/lib/python3.7/site-packages/airflow/operators/python.py", line 189, in execute_callable
    return self.python_callable(*self.op_args, **self.op_kwargs)
  File "/opt/airflow/dags/unitronics_ETL.py", line 76, in extractData
    files = os.listdir(dir_name)
FileNotFoundError: [Errno 2] No such file or directory: '/Unitronics Data Logs/'
[2022-08-17 21:37:58,453] {taskinstance.py:1420} INFO - Marking task as UP_FOR_RETRY. dag_id=unitronics_ETL_v01, task_id=extract, execution_date=20220816T000000, start_date=20220817T213758, end_date=20220817T213758
[2022-08-17 21:37:58,467] {standard_task_runner.py:97} ERROR - Failed to execute job 21 for task extract ([Errno 2] No such file or directory: '/Unitronics Data Logs/'; 1477)
[2022-08-17 21:37:58,488] {local_task_job.py:156} INFO - Task exited with return code 1
[2022-08-17 21:37:58,568] {local_task_job.py:273} INFO - 0 downstream tasks scheduled from follow-on schedule check
