[2022-08-18 19:56:27,769] {taskinstance.py:1179} INFO - Dependencies all met for <TaskInstance: unitronics_ETL_v01.extract manual__2022-08-18T13:16:08.458865+00:00 [queued]>
[2022-08-18 19:56:27,777] {taskinstance.py:1179} INFO - Dependencies all met for <TaskInstance: unitronics_ETL_v01.extract manual__2022-08-18T13:16:08.458865+00:00 [queued]>
[2022-08-18 19:56:27,778] {taskinstance.py:1376} INFO - 
--------------------------------------------------------------------------------
[2022-08-18 19:56:27,778] {taskinstance.py:1377} INFO - Starting attempt 4 of 6
[2022-08-18 19:56:27,778] {taskinstance.py:1378} INFO - 
--------------------------------------------------------------------------------
[2022-08-18 19:56:27,794] {taskinstance.py:1397} INFO - Executing <Task(PythonOperator): extract> on 2022-08-18 13:16:08.458865+00:00
[2022-08-18 19:56:27,797] {standard_task_runner.py:52} INFO - Started process 787 to run task
[2022-08-18 19:56:27,800] {standard_task_runner.py:79} INFO - Running: ['***', 'tasks', 'run', 'unitronics_ETL_v01', 'extract', 'manual__2022-08-18T13:16:08.458865+00:00', '--job-id', '74', '--raw', '--subdir', 'DAGS_FOLDER/unitronics_ETL.py', '--cfg-path', '/tmp/tmp1oi92kyy', '--error-file', '/tmp/tmpb2zy7voz']
[2022-08-18 19:56:27,802] {standard_task_runner.py:80} INFO - Job 74: Subtask extract
[2022-08-18 19:56:27,862] {task_command.py:371} INFO - Running <TaskInstance: unitronics_ETL_v01.extract manual__2022-08-18T13:16:08.458865+00:00 [running]> on host 1b0f89009e2c
[2022-08-18 19:56:27,933] {taskinstance.py:1591} INFO - Exporting the following env vars:
AIRFLOW_CTX_DAG_OWNER=Cavefish
AIRFLOW_CTX_DAG_ID=unitronics_ETL_v01
AIRFLOW_CTX_TASK_ID=extract
AIRFLOW_CTX_EXECUTION_DATE=2022-08-18T13:16:08.458865+00:00
AIRFLOW_CTX_TRY_NUMBER=4
AIRFLOW_CTX_DAG_RUN_ID=manual__2022-08-18T13:16:08.458865+00:00
[2022-08-18 19:56:27,941] {taskinstance.py:1909} ERROR - Task failed with exception
Traceback (most recent call last):
  File "/home/airflow/.local/lib/python3.7/site-packages/airflow/operators/python.py", line 171, in execute
    return_value = self.execute_callable()
  File "/home/airflow/.local/lib/python3.7/site-packages/airflow/operators/python.py", line 189, in execute_callable
    return self.python_callable(*self.op_args, **self.op_kwargs)
  File "/opt/airflow/dags/unitronics_ETL.py", line 76, in extractData
    files = os.listdir(dir_name)
FileNotFoundError: [Errno 2] No such file or directory: 'C:/Users/cavefish1/Unitronics_Data_Logs'
[2022-08-18 19:56:27,953] {taskinstance.py:1420} INFO - Marking task as UP_FOR_RETRY. dag_id=unitronics_ETL_v01, task_id=extract, execution_date=20220818T131608, start_date=20220818T195627, end_date=20220818T195627
[2022-08-18 19:56:27,966] {standard_task_runner.py:97} ERROR - Failed to execute job 74 for task extract ([Errno 2] No such file or directory: 'C:/Users/cavefish1/Unitronics_Data_Logs'; 787)
[2022-08-18 19:56:27,971] {local_task_job.py:156} INFO - Task exited with return code 1
[2022-08-18 19:56:28,008] {local_task_job.py:273} INFO - 0 downstream tasks scheduled from follow-on schedule check
