[2022-08-17 19:44:40,223] {taskinstance.py:1179} INFO - Dependencies all met for <TaskInstance: unitronics_ETL_v01.extract manual__2022-08-17T19:44:39.321642+00:00 [queued]>
[2022-08-17 19:44:40,234] {taskinstance.py:1179} INFO - Dependencies all met for <TaskInstance: unitronics_ETL_v01.extract manual__2022-08-17T19:44:39.321642+00:00 [queued]>
[2022-08-17 19:44:40,234] {taskinstance.py:1376} INFO - 
--------------------------------------------------------------------------------
[2022-08-17 19:44:40,235] {taskinstance.py:1377} INFO - Starting attempt 1 of 6
[2022-08-17 19:44:40,235] {taskinstance.py:1378} INFO - 
--------------------------------------------------------------------------------
[2022-08-17 19:44:40,250] {taskinstance.py:1397} INFO - Executing <Task(PythonOperator): extract> on 2022-08-17 19:44:39.321642+00:00
[2022-08-17 19:44:40,254] {standard_task_runner.py:52} INFO - Started process 490 to run task
[2022-08-17 19:44:40,256] {standard_task_runner.py:79} INFO - Running: ['***', 'tasks', 'run', 'unitronics_ETL_v01', 'extract', 'manual__2022-08-17T19:44:39.321642+00:00', '--job-id', '8', '--raw', '--subdir', 'DAGS_FOLDER/unitronics_ETL.py', '--cfg-path', '/tmp/tmpshwyyhcr', '--error-file', '/tmp/tmptlcq85ho']
[2022-08-17 19:44:40,257] {standard_task_runner.py:80} INFO - Job 8: Subtask extract
[2022-08-17 19:44:40,321] {task_command.py:371} INFO - Running <TaskInstance: unitronics_ETL_v01.extract manual__2022-08-17T19:44:39.321642+00:00 [running]> on host 8c93e37464e5
[2022-08-17 19:44:40,394] {taskinstance.py:1591} INFO - Exporting the following env vars:
AIRFLOW_CTX_DAG_OWNER=Cavefish
AIRFLOW_CTX_DAG_ID=unitronics_ETL_v01
AIRFLOW_CTX_TASK_ID=extract
AIRFLOW_CTX_EXECUTION_DATE=2022-08-17T19:44:39.321642+00:00
AIRFLOW_CTX_TRY_NUMBER=1
AIRFLOW_CTX_DAG_RUN_ID=manual__2022-08-17T19:44:39.321642+00:00
[2022-08-17 19:44:40,402] {python.py:173} INFO - Done. Returned value was: C:\Unitronics Data Logs
[2022-08-17 19:44:40,429] {taskinstance.py:1420} INFO - Marking task as SUCCESS. dag_id=unitronics_ETL_v01, task_id=extract, execution_date=20220817T194439, start_date=20220817T194440, end_date=20220817T194440
[2022-08-17 19:44:40,469] {local_task_job.py:156} INFO - Task exited with return code 0
[2022-08-17 19:44:40,520] {local_task_job.py:273} INFO - 1 downstream tasks scheduled from follow-on schedule check
