[2022-08-17 20:03:20,174] {taskinstance.py:1179} INFO - Dependencies all met for <TaskInstance: unitronics_ETL_v01.extract manual__2022-08-17T19:48:15.767288+00:00 [queued]>
[2022-08-17 20:03:20,183] {taskinstance.py:1179} INFO - Dependencies all met for <TaskInstance: unitronics_ETL_v01.extract manual__2022-08-17T19:48:15.767288+00:00 [queued]>
[2022-08-17 20:03:20,183] {taskinstance.py:1376} INFO - 
--------------------------------------------------------------------------------
[2022-08-17 20:03:20,184] {taskinstance.py:1377} INFO - Starting attempt 4 of 6
[2022-08-17 20:03:20,184] {taskinstance.py:1378} INFO - 
--------------------------------------------------------------------------------
[2022-08-17 20:03:20,198] {taskinstance.py:1397} INFO - Executing <Task(PythonOperator): extract> on 2022-08-17 19:48:15.767288+00:00
[2022-08-17 20:03:20,202] {standard_task_runner.py:52} INFO - Started process 1753 to run task
[2022-08-17 20:03:20,204] {standard_task_runner.py:79} INFO - Running: ['***', 'tasks', 'run', 'unitronics_ETL_v01', 'extract', 'manual__2022-08-17T19:48:15.767288+00:00', '--job-id', '50', '--raw', '--subdir', 'DAGS_FOLDER/unitronics_ETL.py', '--cfg-path', '/tmp/tmpj_0rwc28', '--error-file', '/tmp/tmp777lo_zi']
[2022-08-17 20:03:20,205] {standard_task_runner.py:80} INFO - Job 50: Subtask extract
[2022-08-17 20:03:20,259] {task_command.py:371} INFO - Running <TaskInstance: unitronics_ETL_v01.extract manual__2022-08-17T19:48:15.767288+00:00 [running]> on host 8c93e37464e5
[2022-08-17 20:03:20,322] {taskinstance.py:1591} INFO - Exporting the following env vars:
AIRFLOW_CTX_DAG_OWNER=Cavefish
AIRFLOW_CTX_DAG_ID=unitronics_ETL_v01
AIRFLOW_CTX_TASK_ID=extract
AIRFLOW_CTX_EXECUTION_DATE=2022-08-17T19:48:15.767288+00:00
AIRFLOW_CTX_TRY_NUMBER=4
AIRFLOW_CTX_DAG_RUN_ID=manual__2022-08-17T19:48:15.767288+00:00
[2022-08-17 20:03:20,329] {taskinstance.py:1909} ERROR - Task failed with exception
Traceback (most recent call last):
  File "/home/airflow/.local/lib/python3.7/site-packages/airflow/operators/python.py", line 171, in execute
    return_value = self.execute_callable()
  File "/home/airflow/.local/lib/python3.7/site-packages/airflow/operators/python.py", line 189, in execute_callable
    return self.python_callable(*self.op_args, **self.op_kwargs)
  File "/opt/airflow/dags/unitronics_ETL.py", line 75, in extractData
    files = os.listdir(dir_name)
FileNotFoundError: [Errno 2] No such file or directory: 'C:/Unitronics Data Logs/'
[2022-08-17 20:03:20,339] {taskinstance.py:1420} INFO - Marking task as UP_FOR_RETRY. dag_id=unitronics_ETL_v01, task_id=extract, execution_date=20220817T194815, start_date=20220817T200320, end_date=20220817T200320
[2022-08-17 20:03:20,348] {standard_task_runner.py:97} ERROR - Failed to execute job 50 for task extract ([Errno 2] No such file or directory: 'C:/Unitronics Data Logs/'; 1753)
[2022-08-17 20:03:20,377] {local_task_job.py:156} INFO - Task exited with return code 1
[2022-08-17 20:03:20,416] {local_task_job.py:273} INFO - 0 downstream tasks scheduled from follow-on schedule check
