[2022-08-17 19:48:17,081] {taskinstance.py:1179} INFO - Dependencies all met for <TaskInstance: unitronics_ETL_v01.extract manual__2022-08-17T19:48:15.767288+00:00 [queued]>
[2022-08-17 19:48:17,091] {taskinstance.py:1179} INFO - Dependencies all met for <TaskInstance: unitronics_ETL_v01.extract manual__2022-08-17T19:48:15.767288+00:00 [queued]>
[2022-08-17 19:48:17,092] {taskinstance.py:1376} INFO - 
--------------------------------------------------------------------------------
[2022-08-17 19:48:17,092] {taskinstance.py:1377} INFO - Starting attempt 1 of 6
[2022-08-17 19:48:17,093] {taskinstance.py:1378} INFO - 
--------------------------------------------------------------------------------
[2022-08-17 19:48:17,106] {taskinstance.py:1397} INFO - Executing <Task(PythonOperator): extract> on 2022-08-17 19:48:15.767288+00:00
[2022-08-17 19:48:17,110] {standard_task_runner.py:52} INFO - Started process 736 to run task
[2022-08-17 19:48:17,112] {standard_task_runner.py:79} INFO - Running: ['***', 'tasks', 'run', 'unitronics_ETL_v01', 'extract', 'manual__2022-08-17T19:48:15.767288+00:00', '--job-id', '16', '--raw', '--subdir', 'DAGS_FOLDER/unitronics_ETL.py', '--cfg-path', '/tmp/tmpbni1udul', '--error-file', '/tmp/tmpbnangs1j']
[2022-08-17 19:48:17,114] {standard_task_runner.py:80} INFO - Job 16: Subtask extract
[2022-08-17 19:48:17,176] {task_command.py:371} INFO - Running <TaskInstance: unitronics_ETL_v01.extract manual__2022-08-17T19:48:15.767288+00:00 [running]> on host 8c93e37464e5
[2022-08-17 19:48:17,259] {taskinstance.py:1591} INFO - Exporting the following env vars:
AIRFLOW_CTX_DAG_OWNER=Cavefish
AIRFLOW_CTX_DAG_ID=unitronics_ETL_v01
AIRFLOW_CTX_TASK_ID=extract
AIRFLOW_CTX_EXECUTION_DATE=2022-08-17T19:48:15.767288+00:00
AIRFLOW_CTX_TRY_NUMBER=1
AIRFLOW_CTX_DAG_RUN_ID=manual__2022-08-17T19:48:15.767288+00:00
[2022-08-17 19:48:17,267] {taskinstance.py:1909} ERROR - Task failed with exception
Traceback (most recent call last):
  File "/home/airflow/.local/lib/python3.7/site-packages/airflow/operators/python.py", line 171, in execute
    return_value = self.execute_callable()
  File "/home/airflow/.local/lib/python3.7/site-packages/airflow/operators/python.py", line 189, in execute_callable
    return self.python_callable(*self.op_args, **self.op_kwargs)
  File "/opt/airflow/dags/unitronics_ETL.py", line 75, in extractData
    root, dirs, files = os.walk(dir_name)
ValueError: not enough values to unpack (expected 3, got 0)
[2022-08-17 19:48:17,280] {taskinstance.py:1420} INFO - Marking task as UP_FOR_RETRY. dag_id=unitronics_ETL_v01, task_id=extract, execution_date=20220817T194815, start_date=20220817T194817, end_date=20220817T194817
[2022-08-17 19:48:17,292] {standard_task_runner.py:97} ERROR - Failed to execute job 16 for task extract (not enough values to unpack (expected 3, got 0); 736)
[2022-08-17 19:48:17,325] {local_task_job.py:156} INFO - Task exited with return code 1
[2022-08-17 19:48:17,365] {local_task_job.py:273} INFO - 0 downstream tasks scheduled from follow-on schedule check
