[2022-08-17 19:45:28,343] {taskinstance.py:1179} INFO - Dependencies all met for <TaskInstance: unitronics_ETL_v01.extract manual__2022-08-17T19:45:26.851850+00:00 [queued]>
[2022-08-17 19:45:28,356] {taskinstance.py:1179} INFO - Dependencies all met for <TaskInstance: unitronics_ETL_v01.extract manual__2022-08-17T19:45:26.851850+00:00 [queued]>
[2022-08-17 19:45:28,357] {taskinstance.py:1376} INFO - 
--------------------------------------------------------------------------------
[2022-08-17 19:45:28,357] {taskinstance.py:1377} INFO - Starting attempt 1 of 6
[2022-08-17 19:45:28,358] {taskinstance.py:1378} INFO - 
--------------------------------------------------------------------------------
[2022-08-17 19:45:28,375] {taskinstance.py:1397} INFO - Executing <Task(PythonOperator): extract> on 2022-08-17 19:45:26.851850+00:00
[2022-08-17 19:45:28,425] {standard_task_runner.py:52} INFO - Started process 545 to run task
[2022-08-17 19:45:28,429] {standard_task_runner.py:79} INFO - Running: ['***', 'tasks', 'run', 'unitronics_ETL_v01', 'extract', 'manual__2022-08-17T19:45:26.851850+00:00', '--job-id', '10', '--raw', '--subdir', 'DAGS_FOLDER/unitronics_ETL.py', '--cfg-path', '/tmp/tmpa8_re_0u', '--error-file', '/tmp/tmpb74anorg']
[2022-08-17 19:45:28,431] {standard_task_runner.py:80} INFO - Job 10: Subtask extract
[2022-08-17 19:45:28,497] {task_command.py:371} INFO - Running <TaskInstance: unitronics_ETL_v01.extract manual__2022-08-17T19:45:26.851850+00:00 [running]> on host 8c93e37464e5
[2022-08-17 19:45:28,564] {taskinstance.py:1591} INFO - Exporting the following env vars:
AIRFLOW_CTX_DAG_OWNER=Cavefish
AIRFLOW_CTX_DAG_ID=unitronics_ETL_v01
AIRFLOW_CTX_TASK_ID=extract
AIRFLOW_CTX_EXECUTION_DATE=2022-08-17T19:45:26.851850+00:00
AIRFLOW_CTX_TRY_NUMBER=1
AIRFLOW_CTX_DAG_RUN_ID=manual__2022-08-17T19:45:26.851850+00:00
[2022-08-17 19:45:28,570] {taskinstance.py:1909} ERROR - Task failed with exception
Traceback (most recent call last):
  File "/home/airflow/.local/lib/python3.7/site-packages/airflow/operators/python.py", line 171, in execute
    return_value = self.execute_callable()
  File "/home/airflow/.local/lib/python3.7/site-packages/airflow/operators/python.py", line 189, in execute_callable
    return self.python_callable(*self.op_args, **self.op_kwargs)
  File "/opt/airflow/dags/unitronics_ETL.py", line 112, in extractData
    return root
UnboundLocalError: local variable 'root' referenced before assignment
[2022-08-17 19:45:28,581] {taskinstance.py:1420} INFO - Marking task as UP_FOR_RETRY. dag_id=unitronics_ETL_v01, task_id=extract, execution_date=20220817T194526, start_date=20220817T194528, end_date=20220817T194528
[2022-08-17 19:45:28,590] {standard_task_runner.py:97} ERROR - Failed to execute job 10 for task extract (local variable 'root' referenced before assignment; 545)
[2022-08-17 19:45:28,601] {local_task_job.py:156} INFO - Task exited with return code 1
[2022-08-17 19:45:28,676] {local_task_job.py:273} INFO - 0 downstream tasks scheduled from follow-on schedule check
