[2022-08-16 00:10:04,006] {taskinstance.py:1179} INFO - Dependencies all met for <TaskInstance: unitronics_ETL_v01.extract scheduled__2022-08-15T00:00:00+00:00 [queued]>
[2022-08-16 00:10:04,013] {taskinstance.py:1179} INFO - Dependencies all met for <TaskInstance: unitronics_ETL_v01.extract scheduled__2022-08-15T00:00:00+00:00 [queued]>
[2022-08-16 00:10:04,014] {taskinstance.py:1376} INFO - 
--------------------------------------------------------------------------------
[2022-08-16 00:10:04,015] {taskinstance.py:1377} INFO - Starting attempt 3 of 6
[2022-08-16 00:10:04,015] {taskinstance.py:1378} INFO - 
--------------------------------------------------------------------------------
[2022-08-16 00:10:04,028] {taskinstance.py:1397} INFO - Executing <Task(PythonOperator): extract> on 2022-08-15 00:00:00+00:00
[2022-08-16 00:10:04,033] {standard_task_runner.py:52} INFO - Started process 38947 to run task
[2022-08-16 00:10:04,035] {standard_task_runner.py:79} INFO - Running: ['***', 'tasks', 'run', 'unitronics_ETL_v01', 'extract', 'scheduled__2022-08-15T00:00:00+00:00', '--job-id', '15', '--raw', '--subdir', 'DAGS_FOLDER/unitronics_ETL.py', '--cfg-path', '/tmp/tmp350webag', '--error-file', '/tmp/tmpt81cfvia']
[2022-08-16 00:10:04,037] {standard_task_runner.py:80} INFO - Job 15: Subtask extract
[2022-08-16 00:10:04,090] {task_command.py:371} INFO - Running <TaskInstance: unitronics_ETL_v01.extract scheduled__2022-08-15T00:00:00+00:00 [running]> on host 34b373f0486d
[2022-08-16 00:10:04,151] {taskinstance.py:1591} INFO - Exporting the following env vars:
AIRFLOW_CTX_DAG_OWNER=Cavefish
AIRFLOW_CTX_DAG_ID=unitronics_ETL_v01
AIRFLOW_CTX_TASK_ID=extract
AIRFLOW_CTX_EXECUTION_DATE=2022-08-15T00:00:00+00:00
AIRFLOW_CTX_TRY_NUMBER=3
AIRFLOW_CTX_DAG_RUN_ID=scheduled__2022-08-15T00:00:00+00:00
[2022-08-16 00:10:04,154] {taskinstance.py:1909} ERROR - Task failed with exception
Traceback (most recent call last):
  File "/home/airflow/.local/lib/python3.7/site-packages/airflow/operators/python.py", line 171, in execute
    return_value = self.execute_callable()
  File "/home/airflow/.local/lib/python3.7/site-packages/airflow/operators/python.py", line 189, in execute_callable
    return self.python_callable(*self.op_args, **self.op_kwargs)
TypeError: extractData() missing 1 required positional argument: 'dir_name'
[2022-08-16 00:10:04,162] {taskinstance.py:1420} INFO - Marking task as UP_FOR_RETRY. dag_id=unitronics_ETL_v01, task_id=extract, execution_date=20220815T000000, start_date=20220816T001004, end_date=20220816T001004
[2022-08-16 00:10:04,171] {standard_task_runner.py:97} ERROR - Failed to execute job 15 for task extract (extractData() missing 1 required positional argument: 'dir_name'; 38947)
[2022-08-16 00:10:04,208] {local_task_job.py:156} INFO - Task exited with return code 1
[2022-08-16 00:10:04,240] {local_task_job.py:273} INFO - 0 downstream tasks scheduled from follow-on schedule check
