[2022-08-17 18:54:31,434] {taskinstance.py:1179} INFO - Dependencies all met for <TaskInstance: unitronics_ETL_v01.extract scheduled__2022-08-15T00:00:00+00:00 [queued]>
[2022-08-17 18:54:31,446] {taskinstance.py:1179} INFO - Dependencies all met for <TaskInstance: unitronics_ETL_v01.extract scheduled__2022-08-15T00:00:00+00:00 [queued]>
[2022-08-17 18:54:31,446] {taskinstance.py:1376} INFO - 
--------------------------------------------------------------------------------
[2022-08-17 18:54:31,447] {taskinstance.py:1377} INFO - Starting attempt 1 of 6
[2022-08-17 18:54:31,447] {taskinstance.py:1378} INFO - 
--------------------------------------------------------------------------------
[2022-08-17 18:54:31,463] {taskinstance.py:1397} INFO - Executing <Task(PythonOperator): extract> on 2022-08-15 00:00:00+00:00
[2022-08-17 18:54:31,467] {standard_task_runner.py:52} INFO - Started process 778 to run task
[2022-08-17 18:54:31,471] {standard_task_runner.py:79} INFO - Running: ['***', 'tasks', 'run', 'unitronics_ETL_v01', 'extract', 'scheduled__2022-08-15T00:00:00+00:00', '--job-id', '5', '--raw', '--subdir', 'DAGS_FOLDER/unitronics_ETL.py', '--cfg-path', '/tmp/tmpfbgv4e_z', '--error-file', '/tmp/tmp_2v0rrdm']
[2022-08-17 18:54:31,477] {standard_task_runner.py:80} INFO - Job 5: Subtask extract
[2022-08-17 18:54:31,550] {task_command.py:371} INFO - Running <TaskInstance: unitronics_ETL_v01.extract scheduled__2022-08-15T00:00:00+00:00 [running]> on host a9aa2b837f24
[2022-08-17 18:54:31,630] {taskinstance.py:1591} INFO - Exporting the following env vars:
AIRFLOW_CTX_DAG_OWNER=Cavefish
AIRFLOW_CTX_DAG_ID=unitronics_ETL_v01
AIRFLOW_CTX_TASK_ID=extract
AIRFLOW_CTX_EXECUTION_DATE=2022-08-15T00:00:00+00:00
AIRFLOW_CTX_TRY_NUMBER=1
AIRFLOW_CTX_DAG_RUN_ID=scheduled__2022-08-15T00:00:00+00:00
[2022-08-17 18:54:31,631] {taskinstance.py:1909} ERROR - Task failed with exception
Traceback (most recent call last):
  File "/home/airflow/.local/lib/python3.7/site-packages/airflow/operators/python.py", line 171, in execute
    return_value = self.execute_callable()
  File "/home/airflow/.local/lib/python3.7/site-packages/airflow/operators/python.py", line 189, in execute_callable
    return self.python_callable(*self.op_args, **self.op_kwargs)
TypeError: extractData() missing 1 required positional argument: 'dir_name'
[2022-08-17 18:54:31,645] {taskinstance.py:1420} INFO - Marking task as UP_FOR_RETRY. dag_id=unitronics_ETL_v01, task_id=extract, execution_date=20220815T000000, start_date=20220817T185431, end_date=20220817T185431
[2022-08-17 18:54:31,658] {standard_task_runner.py:97} ERROR - Failed to execute job 5 for task extract (extractData() missing 1 required positional argument: 'dir_name'; 778)
[2022-08-17 18:54:31,691] {local_task_job.py:156} INFO - Task exited with return code 1
[2022-08-17 18:54:31,730] {local_task_job.py:273} INFO - 0 downstream tasks scheduled from follow-on schedule check
[2022-08-17 19:02:12,720] {taskinstance.py:1179} INFO - Dependencies all met for <TaskInstance: unitronics_ETL_v01.extract scheduled__2022-08-15T00:00:00+00:00 [queued]>
[2022-08-17 19:02:12,730] {taskinstance.py:1179} INFO - Dependencies all met for <TaskInstance: unitronics_ETL_v01.extract scheduled__2022-08-15T00:00:00+00:00 [queued]>
[2022-08-17 19:02:12,731] {taskinstance.py:1376} INFO - 
--------------------------------------------------------------------------------
[2022-08-17 19:02:12,731] {taskinstance.py:1377} INFO - Starting attempt 1 of 6
[2022-08-17 19:02:12,731] {taskinstance.py:1378} INFO - 
--------------------------------------------------------------------------------
[2022-08-17 19:02:12,748] {taskinstance.py:1397} INFO - Executing <Task(PythonOperator): extract> on 2022-08-15 00:00:00+00:00
[2022-08-17 19:02:12,752] {standard_task_runner.py:52} INFO - Started process 226 to run task
[2022-08-17 19:02:12,756] {standard_task_runner.py:79} INFO - Running: ['***', 'tasks', 'run', 'unitronics_ETL_v01', 'extract', 'scheduled__2022-08-15T00:00:00+00:00', '--job-id', '5', '--raw', '--subdir', 'DAGS_FOLDER/unitronics_ETL.py', '--cfg-path', '/tmp/tmpabnay2xq', '--error-file', '/tmp/tmpuovu9rw4']
[2022-08-17 19:02:12,757] {standard_task_runner.py:80} INFO - Job 5: Subtask extract
[2022-08-17 19:02:12,823] {task_command.py:371} INFO - Running <TaskInstance: unitronics_ETL_v01.extract scheduled__2022-08-15T00:00:00+00:00 [running]> on host ea4c9b9e2e97
[2022-08-17 19:02:12,939] {taskinstance.py:1591} INFO - Exporting the following env vars:
AIRFLOW_CTX_DAG_OWNER=Cavefish
AIRFLOW_CTX_DAG_ID=unitronics_ETL_v01
AIRFLOW_CTX_TASK_ID=extract
AIRFLOW_CTX_EXECUTION_DATE=2022-08-15T00:00:00+00:00
AIRFLOW_CTX_TRY_NUMBER=1
AIRFLOW_CTX_DAG_RUN_ID=scheduled__2022-08-15T00:00:00+00:00
[2022-08-17 19:02:12,943] {taskinstance.py:1909} ERROR - Task failed with exception
Traceback (most recent call last):
  File "/home/airflow/.local/lib/python3.7/site-packages/airflow/operators/python.py", line 171, in execute
    return_value = self.execute_callable()
  File "/home/airflow/.local/lib/python3.7/site-packages/airflow/operators/python.py", line 189, in execute_callable
    return self.python_callable(*self.op_args, **self.op_kwargs)
TypeError: extractData() missing 1 required positional argument: 'dir_name'
[2022-08-17 19:02:12,952] {taskinstance.py:1420} INFO - Marking task as UP_FOR_RETRY. dag_id=unitronics_ETL_v01, task_id=extract, execution_date=20220815T000000, start_date=20220817T190212, end_date=20220817T190212
[2022-08-17 19:02:12,968] {standard_task_runner.py:97} ERROR - Failed to execute job 5 for task extract (extractData() missing 1 required positional argument: 'dir_name'; 226)
[2022-08-17 19:02:13,008] {local_task_job.py:156} INFO - Task exited with return code 1
[2022-08-17 19:02:13,048] {local_task_job.py:273} INFO - 0 downstream tasks scheduled from follow-on schedule check
[2022-08-17 19:24:25,218] {taskinstance.py:1179} INFO - Dependencies all met for <TaskInstance: unitronics_ETL_v01.extract scheduled__2022-08-15T00:00:00+00:00 [queued]>
[2022-08-17 19:24:25,234] {taskinstance.py:1179} INFO - Dependencies all met for <TaskInstance: unitronics_ETL_v01.extract scheduled__2022-08-15T00:00:00+00:00 [queued]>
[2022-08-17 19:24:25,235] {taskinstance.py:1376} INFO - 
--------------------------------------------------------------------------------
[2022-08-17 19:24:25,235] {taskinstance.py:1377} INFO - Starting attempt 1 of 6
[2022-08-17 19:24:25,235] {taskinstance.py:1378} INFO - 
--------------------------------------------------------------------------------
[2022-08-17 19:24:25,250] {taskinstance.py:1397} INFO - Executing <Task(PythonOperator): extract> on 2022-08-15 00:00:00+00:00
[2022-08-17 19:24:25,254] {standard_task_runner.py:52} INFO - Started process 226 to run task
[2022-08-17 19:24:25,258] {standard_task_runner.py:79} INFO - Running: ['***', 'tasks', 'run', 'unitronics_ETL_v01', 'extract', 'scheduled__2022-08-15T00:00:00+00:00', '--job-id', '5', '--raw', '--subdir', 'DAGS_FOLDER/unitronics_ETL.py', '--cfg-path', '/tmp/tmplptm_t3f', '--error-file', '/tmp/tmp504hemwq']
[2022-08-17 19:24:25,260] {standard_task_runner.py:80} INFO - Job 5: Subtask extract
[2022-08-17 19:24:25,336] {task_command.py:371} INFO - Running <TaskInstance: unitronics_ETL_v01.extract scheduled__2022-08-15T00:00:00+00:00 [running]> on host 934582caf3b6
[2022-08-17 19:24:25,429] {taskinstance.py:1591} INFO - Exporting the following env vars:
AIRFLOW_CTX_DAG_OWNER=Cavefish
AIRFLOW_CTX_DAG_ID=unitronics_ETL_v01
AIRFLOW_CTX_TASK_ID=extract
AIRFLOW_CTX_EXECUTION_DATE=2022-08-15T00:00:00+00:00
AIRFLOW_CTX_TRY_NUMBER=1
AIRFLOW_CTX_DAG_RUN_ID=scheduled__2022-08-15T00:00:00+00:00
[2022-08-17 19:24:25,437] {taskinstance.py:1909} ERROR - Task failed with exception
Traceback (most recent call last):
  File "/home/airflow/.local/lib/python3.7/site-packages/airflow/operators/python.py", line 171, in execute
    return_value = self.execute_callable()
  File "/home/airflow/.local/lib/python3.7/site-packages/airflow/operators/python.py", line 189, in execute_callable
    return self.python_callable(*self.op_args, **self.op_kwargs)
  File "/opt/airflow/dags/unitronics_ETL.py", line 95, in extractData
    device_df = concatDataFrame(super_df_device)
  File "/opt/airflow/dags/unitronics_ETL.py", line 54, in concatDataFrame
    df = pd.concat(df, axis=0)
  File "/home/airflow/.local/lib/python3.7/site-packages/pandas/util/_decorators.py", line 311, in wrapper
    return func(*args, **kwargs)
  File "/home/airflow/.local/lib/python3.7/site-packages/pandas/core/reshape/concat.py", line 304, in concat
    sort=sort,
  File "/home/airflow/.local/lib/python3.7/site-packages/pandas/core/reshape/concat.py", line 351, in __init__
    raise ValueError("No objects to concatenate")
ValueError: No objects to concatenate
[2022-08-17 19:24:25,452] {taskinstance.py:1420} INFO - Marking task as UP_FOR_RETRY. dag_id=unitronics_ETL_v01, task_id=extract, execution_date=20220815T000000, start_date=20220817T192425, end_date=20220817T192425
[2022-08-17 19:24:25,465] {standard_task_runner.py:97} ERROR - Failed to execute job 5 for task extract (No objects to concatenate; 226)
[2022-08-17 19:24:25,511] {local_task_job.py:156} INFO - Task exited with return code 1
[2022-08-17 19:24:25,553] {local_task_job.py:273} INFO - 0 downstream tasks scheduled from follow-on schedule check
[2022-08-17 19:29:40,941] {taskinstance.py:1179} INFO - Dependencies all met for <TaskInstance: unitronics_ETL_v01.extract scheduled__2022-08-15T00:00:00+00:00 [queued]>
[2022-08-17 19:29:40,959] {taskinstance.py:1179} INFO - Dependencies all met for <TaskInstance: unitronics_ETL_v01.extract scheduled__2022-08-15T00:00:00+00:00 [queued]>
[2022-08-17 19:29:40,960] {taskinstance.py:1376} INFO - 
--------------------------------------------------------------------------------
[2022-08-17 19:29:40,960] {taskinstance.py:1377} INFO - Starting attempt 1 of 6
[2022-08-17 19:29:40,961] {taskinstance.py:1378} INFO - 
--------------------------------------------------------------------------------
[2022-08-17 19:29:40,986] {taskinstance.py:1397} INFO - Executing <Task(PythonOperator): extract> on 2022-08-15 00:00:00+00:00
[2022-08-17 19:29:40,990] {standard_task_runner.py:52} INFO - Started process 226 to run task
[2022-08-17 19:29:40,995] {standard_task_runner.py:79} INFO - Running: ['***', 'tasks', 'run', 'unitronics_ETL_v01', 'extract', 'scheduled__2022-08-15T00:00:00+00:00', '--job-id', '5', '--raw', '--subdir', 'DAGS_FOLDER/unitronics_ETL.py', '--cfg-path', '/tmp/tmp6a2qtegr', '--error-file', '/tmp/tmpth_y50kr']
[2022-08-17 19:29:40,999] {standard_task_runner.py:80} INFO - Job 5: Subtask extract
[2022-08-17 19:29:41,104] {task_command.py:371} INFO - Running <TaskInstance: unitronics_ETL_v01.extract scheduled__2022-08-15T00:00:00+00:00 [running]> on host 2ea01d049be8
[2022-08-17 19:29:41,235] {taskinstance.py:1591} INFO - Exporting the following env vars:
AIRFLOW_CTX_DAG_OWNER=Cavefish
AIRFLOW_CTX_DAG_ID=unitronics_ETL_v01
AIRFLOW_CTX_TASK_ID=extract
AIRFLOW_CTX_EXECUTION_DATE=2022-08-15T00:00:00+00:00
AIRFLOW_CTX_TRY_NUMBER=1
AIRFLOW_CTX_DAG_RUN_ID=scheduled__2022-08-15T00:00:00+00:00
[2022-08-17 19:29:41,248] {taskinstance.py:1909} ERROR - Task failed with exception
Traceback (most recent call last):
  File "/home/airflow/.local/lib/python3.7/site-packages/airflow/operators/python.py", line 171, in execute
    return_value = self.execute_callable()
  File "/home/airflow/.local/lib/python3.7/site-packages/airflow/operators/python.py", line 189, in execute_callable
    return self.python_callable(*self.op_args, **self.op_kwargs)
  File "/opt/airflow/dags/unitronics_ETL.py", line 94, in extractData
    device_df = concatDataFrame(super_df_device)
  File "/opt/airflow/dags/unitronics_ETL.py", line 53, in concatDataFrame
    df = pd.concat(df, axis=0)
  File "/home/airflow/.local/lib/python3.7/site-packages/pandas/util/_decorators.py", line 311, in wrapper
    return func(*args, **kwargs)
  File "/home/airflow/.local/lib/python3.7/site-packages/pandas/core/reshape/concat.py", line 304, in concat
    sort=sort,
  File "/home/airflow/.local/lib/python3.7/site-packages/pandas/core/reshape/concat.py", line 351, in __init__
    raise ValueError("No objects to concatenate")
ValueError: No objects to concatenate
[2022-08-17 19:29:41,303] {taskinstance.py:1420} INFO - Marking task as UP_FOR_RETRY. dag_id=unitronics_ETL_v01, task_id=extract, execution_date=20220815T000000, start_date=20220817T192940, end_date=20220817T192941
[2022-08-17 19:29:41,322] {standard_task_runner.py:97} ERROR - Failed to execute job 5 for task extract (No objects to concatenate; 226)
[2022-08-17 19:29:41,344] {local_task_job.py:156} INFO - Task exited with return code 1
[2022-08-17 19:29:41,408] {local_task_job.py:273} INFO - 0 downstream tasks scheduled from follow-on schedule check
[2022-08-17 19:40:58,080] {taskinstance.py:1179} INFO - Dependencies all met for <TaskInstance: unitronics_ETL_v01.extract scheduled__2022-08-15T00:00:00+00:00 [queued]>
[2022-08-17 19:40:58,092] {taskinstance.py:1179} INFO - Dependencies all met for <TaskInstance: unitronics_ETL_v01.extract scheduled__2022-08-15T00:00:00+00:00 [queued]>
[2022-08-17 19:40:58,093] {taskinstance.py:1376} INFO - 
--------------------------------------------------------------------------------
[2022-08-17 19:40:58,093] {taskinstance.py:1377} INFO - Starting attempt 1 of 6
[2022-08-17 19:40:58,093] {taskinstance.py:1378} INFO - 
--------------------------------------------------------------------------------
[2022-08-17 19:40:58,116] {taskinstance.py:1397} INFO - Executing <Task(PythonOperator): extract> on 2022-08-15 00:00:00+00:00
[2022-08-17 19:40:58,120] {standard_task_runner.py:52} INFO - Started process 258 to run task
[2022-08-17 19:40:58,124] {standard_task_runner.py:79} INFO - Running: ['***', 'tasks', 'run', 'unitronics_ETL_v01', 'extract', 'scheduled__2022-08-15T00:00:00+00:00', '--job-id', '5', '--raw', '--subdir', 'DAGS_FOLDER/unitronics_ETL.py', '--cfg-path', '/tmp/tmp56lc35lv', '--error-file', '/tmp/tmpdyz1h5p8']
[2022-08-17 19:40:58,125] {standard_task_runner.py:80} INFO - Job 5: Subtask extract
[2022-08-17 19:40:58,288] {task_command.py:371} INFO - Running <TaskInstance: unitronics_ETL_v01.extract scheduled__2022-08-15T00:00:00+00:00 [running]> on host 8c93e37464e5
[2022-08-17 19:40:58,417] {taskinstance.py:1591} INFO - Exporting the following env vars:
AIRFLOW_CTX_DAG_OWNER=Cavefish
AIRFLOW_CTX_DAG_ID=unitronics_ETL_v01
AIRFLOW_CTX_TASK_ID=extract
AIRFLOW_CTX_EXECUTION_DATE=2022-08-15T00:00:00+00:00
AIRFLOW_CTX_TRY_NUMBER=1
AIRFLOW_CTX_DAG_RUN_ID=scheduled__2022-08-15T00:00:00+00:00
[2022-08-17 19:40:58,431] {taskinstance.py:1909} ERROR - Task failed with exception
Traceback (most recent call last):
  File "/home/airflow/.local/lib/python3.7/site-packages/airflow/operators/python.py", line 171, in execute
    return_value = self.execute_callable()
  File "/home/airflow/.local/lib/python3.7/site-packages/airflow/operators/python.py", line 189, in execute_callable
    return self.python_callable(*self.op_args, **self.op_kwargs)
  File "/opt/airflow/dags/unitronics_ETL.py", line 94, in extractData
    device_df = concatDataFrame(super_df_device)
  File "/opt/airflow/dags/unitronics_ETL.py", line 53, in concatDataFrame
    df = pd.concat(df, axis=0)
  File "/home/airflow/.local/lib/python3.7/site-packages/pandas/util/_decorators.py", line 311, in wrapper
    return func(*args, **kwargs)
  File "/home/airflow/.local/lib/python3.7/site-packages/pandas/core/reshape/concat.py", line 304, in concat
    sort=sort,
  File "/home/airflow/.local/lib/python3.7/site-packages/pandas/core/reshape/concat.py", line 351, in __init__
    raise ValueError("No objects to concatenate")
ValueError: No objects to concatenate
[2022-08-17 19:40:58,445] {taskinstance.py:1420} INFO - Marking task as UP_FOR_RETRY. dag_id=unitronics_ETL_v01, task_id=extract, execution_date=20220815T000000, start_date=20220817T194058, end_date=20220817T194058
[2022-08-17 19:40:58,463] {standard_task_runner.py:97} ERROR - Failed to execute job 5 for task extract (No objects to concatenate; 258)
[2022-08-17 19:40:58,510] {local_task_job.py:156} INFO - Task exited with return code 1
[2022-08-17 19:40:58,556] {local_task_job.py:273} INFO - 0 downstream tasks scheduled from follow-on schedule check
[2022-08-17 21:17:51,377] {taskinstance.py:1179} INFO - Dependencies all met for <TaskInstance: unitronics_ETL_v01.extract scheduled__2022-08-15T00:00:00+00:00 [queued]>
[2022-08-17 21:17:51,420] {taskinstance.py:1179} INFO - Dependencies all met for <TaskInstance: unitronics_ETL_v01.extract scheduled__2022-08-15T00:00:00+00:00 [queued]>
[2022-08-17 21:17:51,421] {taskinstance.py:1376} INFO - 
--------------------------------------------------------------------------------
[2022-08-17 21:17:51,421] {taskinstance.py:1377} INFO - Starting attempt 1 of 6
[2022-08-17 21:17:51,421] {taskinstance.py:1378} INFO - 
--------------------------------------------------------------------------------
[2022-08-17 21:17:51,453] {taskinstance.py:1397} INFO - Executing <Task(PythonOperator): extract> on 2022-08-15 00:00:00+00:00
[2022-08-17 21:17:51,457] {standard_task_runner.py:52} INFO - Started process 225 to run task
[2022-08-17 21:17:51,461] {standard_task_runner.py:79} INFO - Running: ['***', 'tasks', 'run', 'unitronics_ETL_v01', 'extract', 'scheduled__2022-08-15T00:00:00+00:00', '--job-id', '5', '--raw', '--subdir', 'DAGS_FOLDER/unitronics_ETL.py', '--cfg-path', '/tmp/tmpvmoubfy8', '--error-file', '/tmp/tmpjwqhhyvc']
[2022-08-17 21:17:51,463] {standard_task_runner.py:80} INFO - Job 5: Subtask extract
[2022-08-17 21:17:51,637] {task_command.py:371} INFO - Running <TaskInstance: unitronics_ETL_v01.extract scheduled__2022-08-15T00:00:00+00:00 [running]> on host 1b0f89009e2c
[2022-08-17 21:17:51,783] {taskinstance.py:1591} INFO - Exporting the following env vars:
AIRFLOW_CTX_DAG_OWNER=Cavefish
AIRFLOW_CTX_DAG_ID=unitronics_ETL_v01
AIRFLOW_CTX_TASK_ID=extract
AIRFLOW_CTX_EXECUTION_DATE=2022-08-15T00:00:00+00:00
AIRFLOW_CTX_TRY_NUMBER=1
AIRFLOW_CTX_DAG_RUN_ID=scheduled__2022-08-15T00:00:00+00:00
[2022-08-17 21:17:51,805] {taskinstance.py:1909} ERROR - Task failed with exception
Traceback (most recent call last):
  File "/home/airflow/.local/lib/python3.7/site-packages/airflow/operators/python.py", line 171, in execute
    return_value = self.execute_callable()
  File "/home/airflow/.local/lib/python3.7/site-packages/airflow/operators/python.py", line 189, in execute_callable
    return self.python_callable(*self.op_args, **self.op_kwargs)
  File "/opt/airflow/dags/unitronics_ETL.py", line 76, in extractData
    files = os.listdir(dir_name)
FileNotFoundError: [Errno 2] No such file or directory: '/Unitronics Data Logs/'
[2022-08-17 21:17:51,825] {taskinstance.py:1420} INFO - Marking task as UP_FOR_RETRY. dag_id=unitronics_ETL_v01, task_id=extract, execution_date=20220815T000000, start_date=20220817T211751, end_date=20220817T211751
[2022-08-17 21:17:51,845] {standard_task_runner.py:97} ERROR - Failed to execute job 5 for task extract ([Errno 2] No such file or directory: '/Unitronics Data Logs/'; 225)
[2022-08-17 21:17:51,876] {local_task_job.py:156} INFO - Task exited with return code 1
[2022-08-17 21:17:51,992] {local_task_job.py:273} INFO - 0 downstream tasks scheduled from follow-on schedule check
