[2022-08-17 19:51:00,264] {taskinstance.py:1179} INFO - Dependencies all met for <TaskInstance: unitronics_ETL_v01.extract manual__2022-08-17T19:40:56.698362+00:00 [queued]>
[2022-08-17 19:51:00,274] {taskinstance.py:1179} INFO - Dependencies all met for <TaskInstance: unitronics_ETL_v01.extract manual__2022-08-17T19:40:56.698362+00:00 [queued]>
[2022-08-17 19:51:00,275] {taskinstance.py:1376} INFO - 
--------------------------------------------------------------------------------
[2022-08-17 19:51:00,275] {taskinstance.py:1377} INFO - Starting attempt 3 of 6
[2022-08-17 19:51:00,275] {taskinstance.py:1378} INFO - 
--------------------------------------------------------------------------------
[2022-08-17 19:51:00,296] {taskinstance.py:1397} INFO - Executing <Task(PythonOperator): extract> on 2022-08-17 19:40:56.698362+00:00
[2022-08-17 19:51:00,300] {standard_task_runner.py:52} INFO - Started process 908 to run task
[2022-08-17 19:51:00,303] {standard_task_runner.py:79} INFO - Running: ['***', 'tasks', 'run', 'unitronics_ETL_v01', 'extract', 'manual__2022-08-17T19:40:56.698362+00:00', '--job-id', '21', '--raw', '--subdir', 'DAGS_FOLDER/unitronics_ETL.py', '--cfg-path', '/tmp/tmp0tbak1o4', '--error-file', '/tmp/tmp7cb165ab']
[2022-08-17 19:51:00,307] {standard_task_runner.py:80} INFO - Job 21: Subtask extract
[2022-08-17 19:51:00,381] {task_command.py:371} INFO - Running <TaskInstance: unitronics_ETL_v01.extract manual__2022-08-17T19:40:56.698362+00:00 [running]> on host 8c93e37464e5
[2022-08-17 19:51:00,466] {taskinstance.py:1591} INFO - Exporting the following env vars:
AIRFLOW_CTX_DAG_OWNER=Cavefish
AIRFLOW_CTX_DAG_ID=unitronics_ETL_v01
AIRFLOW_CTX_TASK_ID=extract
AIRFLOW_CTX_EXECUTION_DATE=2022-08-17T19:40:56.698362+00:00
AIRFLOW_CTX_TRY_NUMBER=3
AIRFLOW_CTX_DAG_RUN_ID=manual__2022-08-17T19:40:56.698362+00:00
[2022-08-17 19:51:00,475] {taskinstance.py:1909} ERROR - Task failed with exception
Traceback (most recent call last):
  File "/home/airflow/.local/lib/python3.7/site-packages/airflow/operators/python.py", line 171, in execute
    return_value = self.execute_callable()
  File "/home/airflow/.local/lib/python3.7/site-packages/airflow/operators/python.py", line 189, in execute_callable
    return self.python_callable(*self.op_args, **self.op_kwargs)
  File "/opt/airflow/dags/unitronics_ETL.py", line 75, in extractData
    root, dirs, files = os.walk(dir_name)
ValueError: not enough values to unpack (expected 3, got 0)
[2022-08-17 19:51:00,486] {taskinstance.py:1420} INFO - Marking task as UP_FOR_RETRY. dag_id=unitronics_ETL_v01, task_id=extract, execution_date=20220817T194056, start_date=20220817T195100, end_date=20220817T195100
[2022-08-17 19:51:00,501] {standard_task_runner.py:97} ERROR - Failed to execute job 21 for task extract (not enough values to unpack (expected 3, got 0); 908)
[2022-08-17 19:51:00,517] {local_task_job.py:156} INFO - Task exited with return code 1
[2022-08-17 19:51:00,565] {local_task_job.py:273} INFO - 0 downstream tasks scheduled from follow-on schedule check
