[2022-08-17 19:07:13,595] {taskinstance.py:1179} INFO - Dependencies all met for <TaskInstance: unitronics_ETL_v01.extract scheduled__2022-08-14T00:00:00+00:00 [queued]>
[2022-08-17 19:07:13,605] {taskinstance.py:1179} INFO - Dependencies all met for <TaskInstance: unitronics_ETL_v01.extract scheduled__2022-08-14T00:00:00+00:00 [queued]>
[2022-08-17 19:07:13,605] {taskinstance.py:1376} INFO - 
--------------------------------------------------------------------------------
[2022-08-17 19:07:13,606] {taskinstance.py:1377} INFO - Starting attempt 2 of 6
[2022-08-17 19:07:13,606] {taskinstance.py:1378} INFO - 
--------------------------------------------------------------------------------
[2022-08-17 19:07:13,620] {taskinstance.py:1397} INFO - Executing <Task(PythonOperator): extract> on 2022-08-14 00:00:00+00:00
[2022-08-17 19:07:13,625] {standard_task_runner.py:52} INFO - Started process 550 to run task
[2022-08-17 19:07:13,633] {standard_task_runner.py:79} INFO - Running: ['***', 'tasks', 'run', 'unitronics_ETL_v01', 'extract', 'scheduled__2022-08-14T00:00:00+00:00', '--job-id', '8', '--raw', '--subdir', 'DAGS_FOLDER/unitronics_ETL.py', '--cfg-path', '/tmp/tmp8r50qi7f', '--error-file', '/tmp/tmp_mkc7u_0']
[2022-08-17 19:07:13,635] {standard_task_runner.py:80} INFO - Job 8: Subtask extract
[2022-08-17 19:07:13,707] {task_command.py:371} INFO - Running <TaskInstance: unitronics_ETL_v01.extract scheduled__2022-08-14T00:00:00+00:00 [running]> on host ea4c9b9e2e97
[2022-08-17 19:07:13,792] {taskinstance.py:1591} INFO - Exporting the following env vars:
AIRFLOW_CTX_DAG_OWNER=Cavefish
AIRFLOW_CTX_DAG_ID=unitronics_ETL_v01
AIRFLOW_CTX_TASK_ID=extract
AIRFLOW_CTX_EXECUTION_DATE=2022-08-14T00:00:00+00:00
AIRFLOW_CTX_TRY_NUMBER=2
AIRFLOW_CTX_DAG_RUN_ID=scheduled__2022-08-14T00:00:00+00:00
[2022-08-17 19:07:13,800] {taskinstance.py:1909} ERROR - Task failed with exception
Traceback (most recent call last):
  File "/home/airflow/.local/lib/python3.7/site-packages/airflow/operators/python.py", line 171, in execute
    return_value = self.execute_callable()
  File "/home/airflow/.local/lib/python3.7/site-packages/airflow/operators/python.py", line 189, in execute_callable
    return self.python_callable(*self.op_args, **self.op_kwargs)
  File "/opt/airflow/dags/unitronics_ETL.py", line 95, in extractData
    device_df = concatDataFrame(super_df_device)
  File "/opt/airflow/dags/unitronics_ETL.py", line 54, in concatDataFrame
    df = pd.concat(df, axis=0)
  File "/home/airflow/.local/lib/python3.7/site-packages/pandas/util/_decorators.py", line 311, in wrapper
    return func(*args, **kwargs)
  File "/home/airflow/.local/lib/python3.7/site-packages/pandas/core/reshape/concat.py", line 304, in concat
    sort=sort,
  File "/home/airflow/.local/lib/python3.7/site-packages/pandas/core/reshape/concat.py", line 351, in __init__
    raise ValueError("No objects to concatenate")
ValueError: No objects to concatenate
[2022-08-17 19:07:13,811] {taskinstance.py:1420} INFO - Marking task as UP_FOR_RETRY. dag_id=unitronics_ETL_v01, task_id=extract, execution_date=20220814T000000, start_date=20220817T190713, end_date=20220817T190713
[2022-08-17 19:07:13,821] {standard_task_runner.py:97} ERROR - Failed to execute job 8 for task extract (No objects to concatenate; 550)
[2022-08-17 19:07:13,845] {local_task_job.py:156} INFO - Task exited with return code 1
[2022-08-17 19:07:13,886] {local_task_job.py:273} INFO - 0 downstream tasks scheduled from follow-on schedule check
[2022-08-17 19:34:42,179] {taskinstance.py:1179} INFO - Dependencies all met for <TaskInstance: unitronics_ETL_v01.extract scheduled__2022-08-14T00:00:00+00:00 [queued]>
[2022-08-17 19:34:42,189] {taskinstance.py:1179} INFO - Dependencies all met for <TaskInstance: unitronics_ETL_v01.extract scheduled__2022-08-14T00:00:00+00:00 [queued]>
[2022-08-17 19:34:42,189] {taskinstance.py:1376} INFO - 
--------------------------------------------------------------------------------
[2022-08-17 19:34:42,189] {taskinstance.py:1377} INFO - Starting attempt 2 of 6
[2022-08-17 19:34:42,190] {taskinstance.py:1378} INFO - 
--------------------------------------------------------------------------------
[2022-08-17 19:34:42,204] {taskinstance.py:1397} INFO - Executing <Task(PythonOperator): extract> on 2022-08-14 00:00:00+00:00
[2022-08-17 19:34:42,208] {standard_task_runner.py:52} INFO - Started process 536 to run task
[2022-08-17 19:34:42,214] {standard_task_runner.py:79} INFO - Running: ['***', 'tasks', 'run', 'unitronics_ETL_v01', 'extract', 'scheduled__2022-08-14T00:00:00+00:00', '--job-id', '8', '--raw', '--subdir', 'DAGS_FOLDER/unitronics_ETL.py', '--cfg-path', '/tmp/tmpb8dqzddv', '--error-file', '/tmp/tmpv3m29z0z']
[2022-08-17 19:34:42,216] {standard_task_runner.py:80} INFO - Job 8: Subtask extract
[2022-08-17 19:34:42,291] {task_command.py:371} INFO - Running <TaskInstance: unitronics_ETL_v01.extract scheduled__2022-08-14T00:00:00+00:00 [running]> on host 2ea01d049be8
[2022-08-17 19:34:42,367] {taskinstance.py:1591} INFO - Exporting the following env vars:
AIRFLOW_CTX_DAG_OWNER=Cavefish
AIRFLOW_CTX_DAG_ID=unitronics_ETL_v01
AIRFLOW_CTX_TASK_ID=extract
AIRFLOW_CTX_EXECUTION_DATE=2022-08-14T00:00:00+00:00
AIRFLOW_CTX_TRY_NUMBER=2
AIRFLOW_CTX_DAG_RUN_ID=scheduled__2022-08-14T00:00:00+00:00
[2022-08-17 19:34:42,376] {taskinstance.py:1909} ERROR - Task failed with exception
Traceback (most recent call last):
  File "/home/airflow/.local/lib/python3.7/site-packages/airflow/operators/python.py", line 171, in execute
    return_value = self.execute_callable()
  File "/home/airflow/.local/lib/python3.7/site-packages/airflow/operators/python.py", line 189, in execute_callable
    return self.python_callable(*self.op_args, **self.op_kwargs)
  File "/opt/airflow/dags/unitronics_ETL.py", line 94, in extractData
    device_df = concatDataFrame(super_df_device)
  File "/opt/airflow/dags/unitronics_ETL.py", line 53, in concatDataFrame
    df = pd.concat(df, axis=0)
  File "/home/airflow/.local/lib/python3.7/site-packages/pandas/util/_decorators.py", line 311, in wrapper
    return func(*args, **kwargs)
  File "/home/airflow/.local/lib/python3.7/site-packages/pandas/core/reshape/concat.py", line 304, in concat
    sort=sort,
  File "/home/airflow/.local/lib/python3.7/site-packages/pandas/core/reshape/concat.py", line 351, in __init__
    raise ValueError("No objects to concatenate")
ValueError: No objects to concatenate
[2022-08-17 19:34:42,389] {taskinstance.py:1420} INFO - Marking task as UP_FOR_RETRY. dag_id=unitronics_ETL_v01, task_id=extract, execution_date=20220814T000000, start_date=20220817T193442, end_date=20220817T193442
[2022-08-17 19:34:42,402] {standard_task_runner.py:97} ERROR - Failed to execute job 8 for task extract (No objects to concatenate; 536)
[2022-08-17 19:34:42,424] {local_task_job.py:156} INFO - Task exited with return code 1
[2022-08-17 19:34:42,470] {local_task_job.py:273} INFO - 0 downstream tasks scheduled from follow-on schedule check
[2022-08-17 19:45:59,045] {taskinstance.py:1179} INFO - Dependencies all met for <TaskInstance: unitronics_ETL_v01.extract scheduled__2022-08-14T00:00:00+00:00 [queued]>
[2022-08-17 19:45:59,056] {taskinstance.py:1179} INFO - Dependencies all met for <TaskInstance: unitronics_ETL_v01.extract scheduled__2022-08-14T00:00:00+00:00 [queued]>
[2022-08-17 19:45:59,056] {taskinstance.py:1376} INFO - 
--------------------------------------------------------------------------------
[2022-08-17 19:45:59,057] {taskinstance.py:1377} INFO - Starting attempt 2 of 6
[2022-08-17 19:45:59,057] {taskinstance.py:1378} INFO - 
--------------------------------------------------------------------------------
[2022-08-17 19:45:59,073] {taskinstance.py:1397} INFO - Executing <Task(PythonOperator): extract> on 2022-08-14 00:00:00+00:00
[2022-08-17 19:45:59,076] {standard_task_runner.py:52} INFO - Started process 588 to run task
[2022-08-17 19:45:59,079] {standard_task_runner.py:79} INFO - Running: ['***', 'tasks', 'run', 'unitronics_ETL_v01', 'extract', 'scheduled__2022-08-14T00:00:00+00:00', '--job-id', '12', '--raw', '--subdir', 'DAGS_FOLDER/unitronics_ETL.py', '--cfg-path', '/tmp/tmp4padsrmn', '--error-file', '/tmp/tmpiq7m19rd']
[2022-08-17 19:45:59,081] {standard_task_runner.py:80} INFO - Job 12: Subtask extract
[2022-08-17 19:45:59,152] {task_command.py:371} INFO - Running <TaskInstance: unitronics_ETL_v01.extract scheduled__2022-08-14T00:00:00+00:00 [running]> on host 8c93e37464e5
[2022-08-17 19:45:59,290] {taskinstance.py:1591} INFO - Exporting the following env vars:
AIRFLOW_CTX_DAG_OWNER=Cavefish
AIRFLOW_CTX_DAG_ID=unitronics_ETL_v01
AIRFLOW_CTX_TASK_ID=extract
AIRFLOW_CTX_EXECUTION_DATE=2022-08-14T00:00:00+00:00
AIRFLOW_CTX_TRY_NUMBER=2
AIRFLOW_CTX_DAG_RUN_ID=scheduled__2022-08-14T00:00:00+00:00
[2022-08-17 19:45:59,303] {taskinstance.py:1909} ERROR - Task failed with exception
Traceback (most recent call last):
  File "/home/airflow/.local/lib/python3.7/site-packages/airflow/operators/python.py", line 171, in execute
    return_value = self.execute_callable()
  File "/home/airflow/.local/lib/python3.7/site-packages/airflow/operators/python.py", line 189, in execute_callable
    return self.python_callable(*self.op_args, **self.op_kwargs)
  File "/opt/airflow/dags/unitronics_ETL.py", line 112, in extractData
    return root
UnboundLocalError: local variable 'root' referenced before assignment
[2022-08-17 19:45:59,316] {taskinstance.py:1420} INFO - Marking task as UP_FOR_RETRY. dag_id=unitronics_ETL_v01, task_id=extract, execution_date=20220814T000000, start_date=20220817T194559, end_date=20220817T194559
[2022-08-17 19:45:59,327] {standard_task_runner.py:97} ERROR - Failed to execute job 12 for task extract (local variable 'root' referenced before assignment; 588)
[2022-08-17 19:45:59,372] {local_task_job.py:156} INFO - Task exited with return code 1
[2022-08-17 19:45:59,412] {local_task_job.py:273} INFO - 0 downstream tasks scheduled from follow-on schedule check
[2022-08-17 21:22:53,154] {taskinstance.py:1179} INFO - Dependencies all met for <TaskInstance: unitronics_ETL_v01.extract scheduled__2022-08-14T00:00:00+00:00 [queued]>
[2022-08-17 21:22:53,166] {taskinstance.py:1179} INFO - Dependencies all met for <TaskInstance: unitronics_ETL_v01.extract scheduled__2022-08-14T00:00:00+00:00 [queued]>
[2022-08-17 21:22:53,167] {taskinstance.py:1376} INFO - 
--------------------------------------------------------------------------------
[2022-08-17 21:22:53,167] {taskinstance.py:1377} INFO - Starting attempt 2 of 6
[2022-08-17 21:22:53,167] {taskinstance.py:1378} INFO - 
--------------------------------------------------------------------------------
[2022-08-17 21:22:53,190] {taskinstance.py:1397} INFO - Executing <Task(PythonOperator): extract> on 2022-08-14 00:00:00+00:00
[2022-08-17 21:22:53,200] {standard_task_runner.py:52} INFO - Started process 533 to run task
[2022-08-17 21:22:53,204] {standard_task_runner.py:79} INFO - Running: ['***', 'tasks', 'run', 'unitronics_ETL_v01', 'extract', 'scheduled__2022-08-14T00:00:00+00:00', '--job-id', '9', '--raw', '--subdir', 'DAGS_FOLDER/unitronics_ETL.py', '--cfg-path', '/tmp/tmp6xiujdhm', '--error-file', '/tmp/tmpz8yrqod0']
[2022-08-17 21:22:53,207] {standard_task_runner.py:80} INFO - Job 9: Subtask extract
[2022-08-17 21:22:53,295] {task_command.py:371} INFO - Running <TaskInstance: unitronics_ETL_v01.extract scheduled__2022-08-14T00:00:00+00:00 [running]> on host 1b0f89009e2c
[2022-08-17 21:22:53,385] {taskinstance.py:1591} INFO - Exporting the following env vars:
AIRFLOW_CTX_DAG_OWNER=Cavefish
AIRFLOW_CTX_DAG_ID=unitronics_ETL_v01
AIRFLOW_CTX_TASK_ID=extract
AIRFLOW_CTX_EXECUTION_DATE=2022-08-14T00:00:00+00:00
AIRFLOW_CTX_TRY_NUMBER=2
AIRFLOW_CTX_DAG_RUN_ID=scheduled__2022-08-14T00:00:00+00:00
[2022-08-17 21:22:53,394] {taskinstance.py:1909} ERROR - Task failed with exception
Traceback (most recent call last):
  File "/home/airflow/.local/lib/python3.7/site-packages/airflow/operators/python.py", line 171, in execute
    return_value = self.execute_callable()
  File "/home/airflow/.local/lib/python3.7/site-packages/airflow/operators/python.py", line 189, in execute_callable
    return self.python_callable(*self.op_args, **self.op_kwargs)
  File "/opt/airflow/dags/unitronics_ETL.py", line 76, in extractData
    files = os.listdir(dir_name)
FileNotFoundError: [Errno 2] No such file or directory: '/Unitronics Data Logs/'
[2022-08-17 21:22:53,405] {taskinstance.py:1420} INFO - Marking task as UP_FOR_RETRY. dag_id=unitronics_ETL_v01, task_id=extract, execution_date=20220814T000000, start_date=20220817T212253, end_date=20220817T212253
[2022-08-17 21:22:53,419] {standard_task_runner.py:97} ERROR - Failed to execute job 9 for task extract ([Errno 2] No such file or directory: '/Unitronics Data Logs/'; 533)
[2022-08-17 21:22:53,456] {local_task_job.py:156} INFO - Task exited with return code 1
[2022-08-17 21:22:53,502] {local_task_job.py:273} INFO - 0 downstream tasks scheduled from follow-on schedule check
