[2022-08-17 19:22:17,516] {taskinstance.py:1179} INFO - Dependencies all met for <TaskInstance: unitronics_ETL_v01.extract scheduled__2022-08-14T00:00:00+00:00 [queued]>
[2022-08-17 19:22:17,533] {taskinstance.py:1179} INFO - Dependencies all met for <TaskInstance: unitronics_ETL_v01.extract scheduled__2022-08-14T00:00:00+00:00 [queued]>
[2022-08-17 19:22:17,534] {taskinstance.py:1376} INFO - 
--------------------------------------------------------------------------------
[2022-08-17 19:22:17,534] {taskinstance.py:1377} INFO - Starting attempt 5 of 6
[2022-08-17 19:22:17,534] {taskinstance.py:1378} INFO - 
--------------------------------------------------------------------------------
[2022-08-17 19:22:17,565] {taskinstance.py:1397} INFO - Executing <Task(PythonOperator): extract> on 2022-08-14 00:00:00+00:00
[2022-08-17 19:22:17,569] {standard_task_runner.py:52} INFO - Started process 1512 to run task
[2022-08-17 19:22:17,577] {standard_task_runner.py:79} INFO - Running: ['***', 'tasks', 'run', 'unitronics_ETL_v01', 'extract', 'scheduled__2022-08-14T00:00:00+00:00', '--job-id', '25', '--raw', '--subdir', 'DAGS_FOLDER/unitronics_ETL.py', '--cfg-path', '/tmp/tmpixydpdbe', '--error-file', '/tmp/tmp75o2w9p4']
[2022-08-17 19:22:17,579] {standard_task_runner.py:80} INFO - Job 25: Subtask extract
[2022-08-17 19:22:17,670] {task_command.py:371} INFO - Running <TaskInstance: unitronics_ETL_v01.extract scheduled__2022-08-14T00:00:00+00:00 [running]> on host ea4c9b9e2e97
[2022-08-17 19:22:17,855] {taskinstance.py:1591} INFO - Exporting the following env vars:
AIRFLOW_CTX_DAG_OWNER=Cavefish
AIRFLOW_CTX_DAG_ID=unitronics_ETL_v01
AIRFLOW_CTX_TASK_ID=extract
AIRFLOW_CTX_EXECUTION_DATE=2022-08-14T00:00:00+00:00
AIRFLOW_CTX_TRY_NUMBER=5
AIRFLOW_CTX_DAG_RUN_ID=scheduled__2022-08-14T00:00:00+00:00
[2022-08-17 19:22:17,880] {taskinstance.py:1909} ERROR - Task failed with exception
Traceback (most recent call last):
  File "/home/airflow/.local/lib/python3.7/site-packages/airflow/operators/python.py", line 171, in execute
    return_value = self.execute_callable()
  File "/home/airflow/.local/lib/python3.7/site-packages/airflow/operators/python.py", line 189, in execute_callable
    return self.python_callable(*self.op_args, **self.op_kwargs)
  File "/opt/airflow/dags/unitronics_ETL.py", line 95, in extractData
    device_df = concatDataFrame(super_df_device)
  File "/opt/airflow/dags/unitronics_ETL.py", line 54, in concatDataFrame
    df = pd.concat(df, axis=0)
  File "/home/airflow/.local/lib/python3.7/site-packages/pandas/util/_decorators.py", line 311, in wrapper
    return func(*args, **kwargs)
  File "/home/airflow/.local/lib/python3.7/site-packages/pandas/core/reshape/concat.py", line 304, in concat
    sort=sort,
  File "/home/airflow/.local/lib/python3.7/site-packages/pandas/core/reshape/concat.py", line 351, in __init__
    raise ValueError("No objects to concatenate")
ValueError: No objects to concatenate
[2022-08-17 19:22:17,904] {taskinstance.py:1420} INFO - Marking task as UP_FOR_RETRY. dag_id=unitronics_ETL_v01, task_id=extract, execution_date=20220814T000000, start_date=20220817T192217, end_date=20220817T192217
[2022-08-17 19:22:17,926] {standard_task_runner.py:97} ERROR - Failed to execute job 25 for task extract (No objects to concatenate; 1512)
[2022-08-17 19:22:17,950] {local_task_job.py:156} INFO - Task exited with return code 1
[2022-08-17 19:22:18,030] {local_task_job.py:273} INFO - 0 downstream tasks scheduled from follow-on schedule check
[2022-08-17 20:01:03,133] {taskinstance.py:1179} INFO - Dependencies all met for <TaskInstance: unitronics_ETL_v01.extract scheduled__2022-08-14T00:00:00+00:00 [queued]>
[2022-08-17 20:01:03,142] {taskinstance.py:1179} INFO - Dependencies all met for <TaskInstance: unitronics_ETL_v01.extract scheduled__2022-08-14T00:00:00+00:00 [queued]>
[2022-08-17 20:01:03,143] {taskinstance.py:1376} INFO - 
--------------------------------------------------------------------------------
[2022-08-17 20:01:03,143] {taskinstance.py:1377} INFO - Starting attempt 5 of 6
[2022-08-17 20:01:03,143] {taskinstance.py:1378} INFO - 
--------------------------------------------------------------------------------
[2022-08-17 20:01:03,165] {taskinstance.py:1397} INFO - Executing <Task(PythonOperator): extract> on 2022-08-14 00:00:00+00:00
[2022-08-17 20:01:03,169] {standard_task_runner.py:52} INFO - Started process 1598 to run task
[2022-08-17 20:01:03,172] {standard_task_runner.py:79} INFO - Running: ['***', 'tasks', 'run', 'unitronics_ETL_v01', 'extract', 'scheduled__2022-08-14T00:00:00+00:00', '--job-id', '42', '--raw', '--subdir', 'DAGS_FOLDER/unitronics_ETL.py', '--cfg-path', '/tmp/tmpbxy6tt3v', '--error-file', '/tmp/tmpx8dmm1ll']
[2022-08-17 20:01:03,175] {standard_task_runner.py:80} INFO - Job 42: Subtask extract
[2022-08-17 20:01:03,250] {task_command.py:371} INFO - Running <TaskInstance: unitronics_ETL_v01.extract scheduled__2022-08-14T00:00:00+00:00 [running]> on host 8c93e37464e5
[2022-08-17 20:01:03,331] {taskinstance.py:1591} INFO - Exporting the following env vars:
AIRFLOW_CTX_DAG_OWNER=Cavefish
AIRFLOW_CTX_DAG_ID=unitronics_ETL_v01
AIRFLOW_CTX_TASK_ID=extract
AIRFLOW_CTX_EXECUTION_DATE=2022-08-14T00:00:00+00:00
AIRFLOW_CTX_TRY_NUMBER=5
AIRFLOW_CTX_DAG_RUN_ID=scheduled__2022-08-14T00:00:00+00:00
[2022-08-17 20:01:03,340] {taskinstance.py:1909} ERROR - Task failed with exception
Traceback (most recent call last):
  File "/home/airflow/.local/lib/python3.7/site-packages/airflow/operators/python.py", line 171, in execute
    return_value = self.execute_callable()
  File "/home/airflow/.local/lib/python3.7/site-packages/airflow/operators/python.py", line 189, in execute_callable
    return self.python_callable(*self.op_args, **self.op_kwargs)
  File "/opt/airflow/dags/unitronics_ETL.py", line 75, in extractData
    files = os.listdir(dir_name)
FileNotFoundError: [Errno 2] No such file or directory: 'C:/Unitronics Data Logs/'
[2022-08-17 20:01:03,355] {taskinstance.py:1420} INFO - Marking task as UP_FOR_RETRY. dag_id=unitronics_ETL_v01, task_id=extract, execution_date=20220814T000000, start_date=20220817T200103, end_date=20220817T200103
[2022-08-17 20:01:03,367] {standard_task_runner.py:97} ERROR - Failed to execute job 42 for task extract ([Errno 2] No such file or directory: 'C:/Unitronics Data Logs/'; 1598)
[2022-08-17 20:01:03,384] {local_task_job.py:156} INFO - Task exited with return code 1
[2022-08-17 20:01:03,465] {local_task_job.py:273} INFO - 0 downstream tasks scheduled from follow-on schedule check
[2022-08-17 21:37:58,241] {taskinstance.py:1179} INFO - Dependencies all met for <TaskInstance: unitronics_ETL_v01.extract scheduled__2022-08-14T00:00:00+00:00 [queued]>
[2022-08-17 21:37:58,252] {taskinstance.py:1179} INFO - Dependencies all met for <TaskInstance: unitronics_ETL_v01.extract scheduled__2022-08-14T00:00:00+00:00 [queued]>
[2022-08-17 21:37:58,252] {taskinstance.py:1376} INFO - 
--------------------------------------------------------------------------------
[2022-08-17 21:37:58,252] {taskinstance.py:1377} INFO - Starting attempt 5 of 6
[2022-08-17 21:37:58,252] {taskinstance.py:1378} INFO - 
--------------------------------------------------------------------------------
[2022-08-17 21:37:58,267] {taskinstance.py:1397} INFO - Executing <Task(PythonOperator): extract> on 2022-08-14 00:00:00+00:00
[2022-08-17 21:37:58,272] {standard_task_runner.py:52} INFO - Started process 1476 to run task
[2022-08-17 21:37:58,277] {standard_task_runner.py:79} INFO - Running: ['***', 'tasks', 'run', 'unitronics_ETL_v01', 'extract', 'scheduled__2022-08-14T00:00:00+00:00', '--job-id', '22', '--raw', '--subdir', 'DAGS_FOLDER/unitronics_ETL.py', '--cfg-path', '/tmp/tmpoxj3afh6', '--error-file', '/tmp/tmp_m7t1fib']
[2022-08-17 21:37:58,279] {standard_task_runner.py:80} INFO - Job 22: Subtask extract
[2022-08-17 21:37:58,351] {task_command.py:371} INFO - Running <TaskInstance: unitronics_ETL_v01.extract scheduled__2022-08-14T00:00:00+00:00 [running]> on host 1b0f89009e2c
[2022-08-17 21:37:58,433] {taskinstance.py:1591} INFO - Exporting the following env vars:
AIRFLOW_CTX_DAG_OWNER=Cavefish
AIRFLOW_CTX_DAG_ID=unitronics_ETL_v01
AIRFLOW_CTX_TASK_ID=extract
AIRFLOW_CTX_EXECUTION_DATE=2022-08-14T00:00:00+00:00
AIRFLOW_CTX_TRY_NUMBER=5
AIRFLOW_CTX_DAG_RUN_ID=scheduled__2022-08-14T00:00:00+00:00
[2022-08-17 21:37:58,442] {taskinstance.py:1909} ERROR - Task failed with exception
Traceback (most recent call last):
  File "/home/airflow/.local/lib/python3.7/site-packages/airflow/operators/python.py", line 171, in execute
    return_value = self.execute_callable()
  File "/home/airflow/.local/lib/python3.7/site-packages/airflow/operators/python.py", line 189, in execute_callable
    return self.python_callable(*self.op_args, **self.op_kwargs)
  File "/opt/airflow/dags/unitronics_ETL.py", line 76, in extractData
    files = os.listdir(dir_name)
FileNotFoundError: [Errno 2] No such file or directory: '/Unitronics Data Logs/'
[2022-08-17 21:37:58,453] {taskinstance.py:1420} INFO - Marking task as UP_FOR_RETRY. dag_id=unitronics_ETL_v01, task_id=extract, execution_date=20220814T000000, start_date=20220817T213758, end_date=20220817T213758
[2022-08-17 21:37:58,465] {standard_task_runner.py:97} ERROR - Failed to execute job 22 for task extract ([Errno 2] No such file or directory: '/Unitronics Data Logs/'; 1476)
[2022-08-17 21:37:58,488] {local_task_job.py:156} INFO - Task exited with return code 1
[2022-08-17 21:37:58,571] {local_task_job.py:273} INFO - 0 downstream tasks scheduled from follow-on schedule check
